[28Jul2025 00:12:51.524] [Server thread/INFO] [net.minecraftforge.common.AdvancementLoadFix/]: Using new advancement loading for net.minecraft.server.PlayerAdvancements@b752c6d
[28Jul2025 00:12:51.530] [Server thread/INFO] [net.minecraft.server.players.PlayerList/]: PredatorX_2000[/127.255.187.82:53309] logged in with entity id 24401 at (1275.300000011921, 69.0, 730.6999999880791)
[28Jul2025 00:12:51.539] [Server thread/INFO] [net.minecraft.server.dedicated.DedicatedServer/]: PredatorX_2000 joined the game
[28Jul2025 00:13:01.829] [Server thread/WARN] [net.minecraft.server.MinecraftServer/]: Can't keep up! Is the server overloaded? Running 4980ms or 99 ticks behind
[28Jul2025 00:13:04.927] [Server thread/INFO] [net.minecraft.server.network.ServerGamePacketListenerImpl/]: PredatorX_2000 lost connection: Disconnected
[28Jul2025 00:13:04.928] [Server thread/INFO] [net.minecraft.server.dedicated.DedicatedServer/]: PredatorX_2000 left the game
[28Jul2025 00:13:25.421] [Server thread/INFO] [net.minecraftforge.common.AdvancementLoadFix/]: Using new advancement loading for net.minecraft.server.PlayerAdvancements@4c89c3b8
[28Jul2025 00:13:25.425] [Server thread/INFO] [net.minecraft.server.players.PlayerList/]: PredatorX_2000[/127.255.187.82:48119] logged in with entity id 25568 at (1275.300000011921, 69.0, 730.3000000119209)
[28Jul2025 00:13:25.433] [Server thread/INFO] [net.minecraft.server.dedicated.DedicatedServer/]: PredatorX_2000 joined the game
[28Jul2025 00:13:35.086] [Server thread/WARN] [net.minecraft.server.MinecraftServer/]: Can't keep up! Is the server overloaded? Running 4638ms or 92 ticks behind
[28Jul2025 00:45:19.608] [Server thread/WARN] [net.minecraft.server.MinecraftServer/]: Can't keep up! Is the server overloaded? Running 2009ms or 40 ticks behind
[28Jul2025 00:45:55.000] [Server thread/WARN] [net.minecraft.server.MinecraftServer/]: Can't keep up! Is the server overloaded? Running 2001ms or 40 ticks behind
[28Jul2025 00:46:20.762] [Server thread/WARN] [net.minecraft.server.MinecraftServer/]: Can't keep up! Is the server overloaded? Running 2013ms or 40 ticks behind
[28Jul2025 00:47:11.157] [Server thread/WARN] [net.minecraft.server.MinecraftServer/]: Can't keep up! Is the server overloaded? Running 2008ms or 40 ticks behind
[28Jul2025 00:47:59.900] [Server thread/WARN] [net.minecraft.server.MinecraftServer/]: Can't keep up! Is the server overloaded? Running 2001ms or 40 ticks behind
[28Jul2025 00:48:48.604] [Server thread/WARN] [net.minecraft.server.MinecraftServer/]: Can't keep up! Is the server overloaded? Running 2006ms or 40 ticks behind
[28Jul2025 00:55:08.055] [Server thread/WARN] [net.minecraft.server.MinecraftServer/]: Can't keep up! Is the server overloaded? Running 2006ms or 40 ticks behind
[28Jul2025 00:55:47.856] [Server thread/WARN] [net.minecraft.server.MinecraftServer/]: Can't keep up! Is the server overloaded? Running 2007ms or 40 ticks behind
[28Jul2025 00:56:22.009] [Server thread/WARN] [net.minecraft.server.MinecraftServer/]: Can't keep up! Is the server overloaded? Running 2011ms or 40 ticks behind
[28Jul2025 00:56:27.019] [Worker-Main-12/WARN] [net.minecraft.world.level.levelgen.heightproviders.UniformHeight/]: Empty height range: [0 above bottom-200 below top]
[28Jul2025 01:01:43.401] [Server thread/WARN] [net.minecraft.server.network.ServerGamePacketListenerImpl/]: DiamondKingX moved too quickly! -8.977127447676594,-0.3499999999999801,5.820131272886101
[28Jul2025 01:10:45.762] [Server thread/WARN] [net.minecraft.server.MinecraftServer/]: Can't keep up! Is the server overloaded? Running 2213ms or 44 ticks behind
[28Jul2025 01:52:35.290] [Server thread/INFO] [net.minecraft.server.network.ServerGamePacketListenerImpl/]: PredatorX_2000 lost connection: Disconnected
[28Jul2025 01:52:35.290] [Server thread/INFO] [net.minecraft.server.dedicated.DedicatedServer/]: PredatorX_2000 left the game
[28Jul2025 01:57:26.215] [Server thread/INFO] [net.minecraftforge.common.AdvancementLoadFix/]: Using new advancement loading for net.minecraft.server.PlayerAdvancements@6485fa6d
[28Jul2025 01:57:26.221] [Server thread/INFO] [net.minecraft.server.players.PlayerList/]: ninouzumaki[/127.222.81.109:45591] logged in with entity id 71589 at (400.250556229406, 85.0, 831.9975110516033)
[28Jul2025 01:57:26.229] [Server thread/INFO] [net.minecraft.server.dedicated.DedicatedServer/]: ninouzumaki joined the game
[28Jul2025 01:57:27.102] [Server thread/WARN] [net.minecraft.server.level.ServerLevel/]: Tried to add entity peru_mod:caiman_spawner but it was marked as removed already
[28Jul2025 01:58:47.400] [Server thread/WARN] [net.minecraft.server.level.ServerLevel/]: Tried to add entity peru_mod:caiman_spawner but it was marked as removed already
[28Jul2025 01:59:04.750] [Server thread/WARN] [net.minecraft.server.level.ServerLevel/]: Tried to add entity peru_mod:caiman_spawner but it was marked as removed already
[28Jul2025 01:59:24.100] [Server thread/WARN] [net.minecraft.server.level.ServerLevel/]: Tried to add entity peru_mod:caiman_spawner but it was marked as removed already
[28Jul2025 02:00:28.951] [Server thread/WARN] [net.minecraft.server.level.ServerLevel/]: Tried to add entity peru_mod:caiman_spawner but it was marked as removed already
[28Jul2025 02:15:14.800] [Server thread/WARN] [net.minecraft.server.level.ServerLevel/]: Tried to add entity peru_mod:caiman_spawner but it was marked as removed already
[28Jul2025 02:15:23.471] [Server thread/INFO] [net.minecraft.server.network.ServerGamePacketListenerImpl/]: ninouzumaki lost connection: Disconnected
[28Jul2025 02:15:23.472] [Server thread/INFO] [net.minecraft.server.dedicated.DedicatedServer/]: ninouzumaki left the game
